# JRE version: OpenJDK Runtime Environment (20.0+36) (build 20+36-2344)
# Java VM: OpenJDK 64-Bit Server VM (20+36-2344, mixed mode, sharing, tiered, compressed oops, compressed class ptrs, g1 gc, windows-amd64)
GC Precious Log:
 CardTable entry size: 512
 Card Set container configuration: InlinePtr #cards 4 size 8 Array Of Cards #cards 32 size 80 Howl #buckets 8 coarsen threshold 7372 Howl Bitmap #cards 1024 size 144 coarsen threshold 921 Card regions per heap region 1 cards per card region 8192
 CPUs: 8 total, 8 available
 Memory: 8006M
 Large Page Support: Disabled
 NUMA Support: Disabled
 Compressed Oops: Enabled (Zero based)
 Heap Region Size: 4M
 Heap Min Capacity: 8M
 Heap Initial Capacity: 128M
 Heap Max Capacity: 6G
 Pre-touch: Disabled
 Parallel Workers: 8
 Concurrent Workers: 2
 Concurrent Refinement Workers: 8
 Periodic GC: Disabled
Heap:
 garbage-first heap   total 1892352K, used 1175552K [0x0000000680000000, 0x0000000800000000)
  region size 4096K, 3 young (12288K), 3 survivors (12288K)
 Metaspace       used 19536K, committed 19776K, reserved 1114112K
  class space    used 2272K, committed 2368K, reserved 1048576K
GC Heap History (20 events):
Event: 20.976 GC heap after
{Heap after GC invocations=20 (full 0):
 garbage-first heap   total 610304K, used 392288K [0x0000000680000000, 0x0000000800000000)
  region size 4096K, 7 young (28672K), 7 survivors (28672K)
 Metaspace       used 19536K, committed 19776K, reserved 1114112K
  class space    used 2272K, committed 2368K, reserved 1048576K
}
Event: 21.121 GC heap before
{Heap before GC invocations=20 (full 0):
 garbage-first heap   total 610304K, used 498784K [0x0000000680000000, 0x0000000800000000)
  region size 4096K, 31 young (126976K), 7 survivors (28672K)
 Metaspace       used 19536K, committed 19776K, reserved 1114112K
  class space    used 2272K, committed 2368K, reserved 1048576K
}
Event: 21.206 GC heap after
{Heap after GC invocations=21 (full 0):
 garbage-first heap   total 626688K, used 485376K [0x0000000680000000, 0x0000000800000000)
  region size 4096K, 4 young (16384K), 4 survivors (16384K)
 Metaspace       used 19536K, committed 19776K, reserved 1114112K
  class space    used 2272K, committed 2368K, reserved 1048576K
}
Event: 21.265 GC heap before
{Heap before GC invocations=21 (full 0):
 garbage-first heap   total 626688K, used 534528K [0x0000000680000000, 0x0000000800000000)
  region size 4096K, 16 young (65536K), 4 survivors (16384K)
 Metaspace       used 19536K, committed 19776K, reserved 1114112K
  class space    used 2272K, committed 2368K, reserved 1048576K
}
Event: 21.317 GC heap after
{Heap after GC invocations=22 (full 0):
 garbage-first heap   total 626688K, used 532480K [0x0000000680000000, 0x0000000800000000)
  region size 4096K, 2 young (8192K), 2 survivors (8192K)
 Metaspace       used 19536K, committed 19776K, reserved 1114112K
  class space    used 2272K, committed 2368K, reserved 1048576K
}
Event: 21.381 GC heap before
{Heap before GC invocations=22 (full 0):
 garbage-first heap   total 626688K, used 561152K [0x0000000680000000, 0x0000000800000000)
  region size 4096K, 9 young (36864K), 2 survivors (8192K)
 Metaspace       used 19536K, committed 19776K, reserved 1114112K
  class space    used 2272K, committed 2368K, reserved 1048576K
}
Event: 21.419 GC heap after
{Heap after GC invocations=23 (full 0):
 garbage-first heap   total 626688K, used 565248K [0x0000000680000000, 0x0000000800000000)
  region size 4096K, 2 young (8192K), 2 survivors (8192K)
 Metaspace       used 19536K, committed 19776K, reserved 1114112K
  class space    used 2272K, committed 2368K, reserved 1048576K
}
Event: 21.522 GC heap before
{Heap before GC invocations=23 (full 0):
 garbage-first heap   total 626688K, used 598016K [0x0000000680000000, 0x0000000800000000)
  region size 4096K, 7 young (28672K), 2 survivors (8192K)
 Metaspace       used 19536K, committed 19776K, reserved 1114112K
  class space    used 2272K, committed 2368K, reserved 1048576K
}
Event: 21.768 GC heap after
{Heap after GC invocations=24 (full 0):
 garbage-first heap   total 1892352K, used 601612K [0x0000000680000000, 0x0000000800000000)
  region size 4096K, 1 young (4096K), 1 survivors (4096K)
 Metaspace       used 19536K, committed 19776K, reserved 1114112K
  class space    used 2272K, committed 2368K, reserved 1048576K
}
Event: 21.998 GC heap before
{Heap before GC invocations=24 (full 0):
 garbage-first heap   total 1892352K, used 691724K [0x0000000680000000, 0x0000000800000000)
  region size 4096K, 23 young (94208K), 1 survivors (4096K)
 Metaspace       used 19536K, committed 19776K, reserved 1114112K
  class space    used 2272K, committed 2368K, reserved 1048576K
}
Event: 22.093 GC heap after
{Heap after GC invocations=25 (full 0):
 garbage-first heap   total 1892352K, used 696299K [0x0000000680000000, 0x0000000800000000)
  region size 4096K, 3 young (12288K), 3 survivors (12288K)
 Metaspace       used 19536K, committed 19776K, reserved 1114112K
  class space    used 2272K, committed 2368K, reserved 1048576K
}
Event: 22.288 GC heap before
{Heap before GC invocations=25 (full 0):
 garbage-first heap   total 1892352K, used 778219K [0x0000000680000000, 0x0000000800000000)
  region size 4096K, 23 young (94208K), 3 survivors (12288K)
 Metaspace       used 19536K, committed 19776K, reserved 1114112K
  class space    used 2272K, committed 2368K, reserved 1048576K
}
Event: 22.397 GC heap after
{Heap after GC invocations=26 (full 0):
 garbage-first heap   total 1892352K, used 782336K [0x0000000680000000, 0x0000000800000000)
  region size 4096K, 3 young (12288K), 3 survivors (12288K)
 Metaspace       used 19536K, committed 19776K, reserved 1114112K
  class space    used 2272K, committed 2368K, reserved 1048576K
}
Event: 22.881 GC heap before
{Heap before GC invocations=26 (full 0):
 garbage-first heap   total 1892352K, used 888832K [0x0000000680000000, 0x0000000800000000)
  region size 4096K, 23 young (94208K), 3 survivors (12288K)
 Metaspace       used 19536K, committed 19776K, reserved 1114112K
  class space    used 2272K, committed 2368K, reserved 1048576K
}
Event: 23.017 GC heap after
{Heap after GC invocations=27 (full 0):
 garbage-first heap   total 1892352K, used 894976K [0x0000000680000000, 0x0000000800000000)
  region size 4096K, 3 young (12288K), 3 survivors (12288K)
 Metaspace       used 19536K, committed 19776K, reserved 1114112K
  class space    used 2272K, committed 2368K, reserved 1048576K
}
Event: 23.357 GC heap before
{Heap before GC invocations=28 (full 0):
 garbage-first heap   total 1892352K, used 1001472K [0x0000000680000000, 0x0000000800000000)
  region size 4096K, 27 young (110592K), 3 survivors (12288K)
 Metaspace       used 19536K, committed 19776K, reserved 1114112K
  class space    used 2272K, committed 2368K, reserved 1048576K
}
Event: 23.496 GC heap after
{Heap after GC invocations=29 (full 0):
 garbage-first heap   total 1892352K, used 1005568K [0x0000000680000000, 0x0000000800000000)
  region size 4096K, 4 young (16384K), 4 survivors (16384K)
 Metaspace       used 19536K, committed 19776K, reserved 1114112K
  class space    used 2272K, committed 2368K, reserved 1048576K
}
Event: 23.660 GC heap before
{Heap before GC invocations=29 (full 0):
 garbage-first heap   total 1892352K, used 1112064K [0x0000000680000000, 0x0000000800000000)
  region size 4096K, 31 young (126976K), 4 survivors (16384K)
 Metaspace       used 19536K, committed 19776K, reserved 1114112K
  class space    used 2272K, committed 2368K, reserved 1048576K
}
Event: 23.779 GC heap after
{Heap after GC invocations=30 (full 0):
 garbage-first heap   total 1892352K, used 1101824K [0x0000000680000000, 0x0000000800000000)
  region size 4096K, 4 young (16384K), 4 survivors (16384K)
 Metaspace       used 19536K, committed 19776K, reserved 1114112K
  class space    used 2272K, committed 2368K, reserved 1048576K
}
Event: 23.907 GC heap before
{Heap before GC invocations=30 (full 0):
 garbage-first heap   total 1892352K, used 1179648K [0x0000000680000000, 0x0000000800000000)
  region size 4096K, 23 young (94208K), 4 survivors (16384K)
 Metaspace       used 19536K, committed 19776K, reserved 1114112K
  class space    used 2272K, committed 2368K, reserved 1048576K
}

