# JRE version: OpenJDK Runtime Environment (20.0+36) (build 20+36-2344)
# Java VM: OpenJDK 64-Bit Server VM (20+36-2344, mixed mode, sharing, tiered, compressed oops, compressed class ptrs, g1 gc, windows-amd64)
GC Precious Log:
 CardTable entry size: 512
 Card Set container configuration: InlinePtr #cards 4 size 8 Array Of Cards #cards 32 size 80 Howl #buckets 8 coarsen threshold 7372 Howl Bitmap #cards 1024 size 144 coarsen threshold 921 Card regions per heap region 1 cards per card region 8192
 CPUs: 8 total, 8 available
 Memory: 8006M
 Large Page Support: Disabled
 NUMA Support: Disabled
 Compressed Oops: Enabled (Zero based)
 Heap Region Size: 4M
 Heap Min Capacity: 8M
 Heap Initial Capacity: 128M
 Heap Max Capacity: 6G
 Pre-touch: Disabled
 Parallel Workers: 8
 Concurrent Workers: 2
 Concurrent Refinement Workers: 8
 Periodic GC: Disabled
Heap:
 garbage-first heap   total 884736K, used 731136K [0x0000000680000000, 0x0000000800000000)
  region size 4096K, 4 young (16384K), 4 survivors (16384K)
 Metaspace       used 19566K, committed 19840K, reserved 1114112K
  class space    used 2271K, committed 2368K, reserved 1048576K
GC Heap History (20 events):
Event: 9.397 GC heap after
{Heap after GC invocations=9 (full 0):
 garbage-first heap   total 262144K, used 98933K [0x0000000680000000, 0x0000000800000000)
  region size 4096K, 4 young (16384K), 4 survivors (16384K)
 Metaspace       used 19456K, committed 19712K, reserved 1114112K
  class space    used 2265K, committed 2368K, reserved 1048576K
}
Event: 10.517 GC heap before
{Heap before GC invocations=9 (full 0):
 garbage-first heap   total 262144K, used 193141K [0x0000000680000000, 0x0000000800000000)
  region size 4096K, 28 young (114688K), 4 survivors (16384K)
 Metaspace       used 19480K, committed 19712K, reserved 1114112K
  class space    used 2265K, committed 2368K, reserved 1048576K
}
Event: 10.563 GC heap after
{Heap after GC invocations=10 (full 0):
 garbage-first heap   total 262144K, used 112780K [0x0000000680000000, 0x0000000800000000)
  region size 4096K, 4 young (16384K), 4 survivors (16384K)
 Metaspace       used 19480K, committed 19712K, reserved 1114112K
  class space    used 2265K, committed 2368K, reserved 1048576K
}
Event: 11.369 GC heap before
{Heap before GC invocations=10 (full 0):
 garbage-first heap   total 262144K, used 206988K [0x0000000680000000, 0x0000000800000000)
  region size 4096K, 27 young (110592K), 4 survivors (16384K)
 Metaspace       used 19480K, committed 19712K, reserved 1114112K
  class space    used 2265K, committed 2368K, reserved 1048576K
}
Event: 11.417 GC heap after
{Heap after GC invocations=11 (full 0):
 garbage-first heap   total 524288K, used 126207K [0x0000000680000000, 0x0000000800000000)
  region size 4096K, 4 young (16384K), 4 survivors (16384K)
 Metaspace       used 19480K, committed 19712K, reserved 1114112K
  class space    used 2265K, committed 2368K, reserved 1048576K
}
Event: 13.466 GC heap before
{Heap before GC invocations=11 (full 0):
 garbage-first heap   total 524288K, used 339199K [0x0000000680000000, 0x0000000800000000)
  region size 4096K, 56 young (229376K), 4 survivors (16384K)
 Metaspace       used 19480K, committed 19712K, reserved 1114112K
  class space    used 2265K, committed 2368K, reserved 1048576K
}
Event: 13.533 GC heap after
{Heap after GC invocations=12 (full 0):
 garbage-first heap   total 524288K, used 158308K [0x0000000680000000, 0x0000000800000000)
  region size 4096K, 7 young (28672K), 7 survivors (28672K)
 Metaspace       used 19480K, committed 19712K, reserved 1114112K
  class space    used 2265K, committed 2368K, reserved 1048576K
}
Event: 14.957 GC heap before
{Heap before GC invocations=12 (full 0):
 garbage-first heap   total 524288K, used 326244K [0x0000000680000000, 0x0000000800000000)
  region size 4096K, 47 young (192512K), 7 survivors (28672K)
 Metaspace       used 19480K, committed 19712K, reserved 1114112K
  class space    used 2265K, committed 2368K, reserved 1048576K
}
Event: 15.033 GC heap after
{Heap after GC invocations=13 (full 0):
 garbage-first heap   total 524288K, used 195823K [0x0000000680000000, 0x0000000800000000)
  region size 4096K, 6 young (24576K), 6 survivors (24576K)
 Metaspace       used 19480K, committed 19712K, reserved 1114112K
  class space    used 2265K, committed 2368K, reserved 1048576K
}
Event: 16.718 GC heap before
{Heap before GC invocations=13 (full 0):
 garbage-first heap   total 524288K, used 417007K [0x0000000680000000, 0x0000000800000000)
  region size 4096K, 59 young (241664K), 6 survivors (24576K)
 Metaspace       used 19548K, committed 19840K, reserved 1114112K
  class space    used 2270K, committed 2368K, reserved 1048576K
}
Event: 16.892 GC heap after
{Heap after GC invocations=14 (full 0):
 garbage-first heap   total 524288K, used 255941K [0x0000000680000000, 0x0000000800000000)
  region size 4096K, 8 young (32768K), 8 survivors (32768K)
 Metaspace       used 19548K, committed 19840K, reserved 1114112K
  class space    used 2270K, committed 2368K, reserved 1048576K
}
Event: 17.557 GC heap before
{Heap before GC invocations=14 (full 0):
 garbage-first heap   total 524288K, used 423877K [0x0000000680000000, 0x0000000800000000)
  region size 4096K, 48 young (196608K), 8 survivors (32768K)
 Metaspace       used 19566K, committed 19840K, reserved 1114112K
  class space    used 2271K, committed 2368K, reserved 1048576K
}
Event: 17.677 GC heap after
{Heap after GC invocations=15 (full 0):
 garbage-first heap   total 884736K, used 359722K [0x0000000680000000, 0x0000000800000000)
  region size 4096K, 6 young (24576K), 6 survivors (24576K)
 Metaspace       used 19566K, committed 19840K, reserved 1114112K
  class space    used 2271K, committed 2368K, reserved 1048576K
}
Event: 18.489 GC heap before
{Heap before GC invocations=15 (full 0):
 garbage-first heap   total 884736K, used 556330K [0x0000000680000000, 0x0000000800000000)
  region size 4096K, 54 young (221184K), 6 survivors (24576K)
 Metaspace       used 19566K, committed 19840K, reserved 1114112K
  class space    used 2271K, committed 2368K, reserved 1048576K
}
Event: 18.601 GC heap after
{Heap after GC invocations=16 (full 0):
 garbage-first heap   total 884736K, used 491520K [0x0000000680000000, 0x0000000800000000)
  region size 4096K, 7 young (28672K), 7 survivors (28672K)
 Metaspace       used 19566K, committed 19840K, reserved 1114112K
  class space    used 2271K, committed 2368K, reserved 1048576K
}
Event: 18.651 GC heap before
{Heap before GC invocations=16 (full 0):
 garbage-first heap   total 884736K, used 520192K [0x0000000680000000, 0x0000000800000000)
  region size 4096K, 15 young (61440K), 7 survivors (28672K)
 Metaspace       used 19566K, committed 19840K, reserved 1114112K
  class space    used 2271K, committed 2368K, reserved 1048576K
}
Event: 18.704 GC heap after
{Heap after GC invocations=17 (full 0):
 garbage-first heap   total 884736K, used 531835K [0x0000000680000000, 0x0000000800000000)
  region size 4096K, 7 young (28672K), 7 survivors (28672K)
 Metaspace       used 19566K, committed 19840K, reserved 1114112K
  class space    used 2271K, committed 2368K, reserved 1048576K
}
Event: 19.069 GC heap before
{Heap before GC invocations=17 (full 0):
 garbage-first heap   total 884736K, used 695675K [0x0000000680000000, 0x0000000800000000)
  region size 4096K, 41 young (167936K), 7 survivors (28672K)
 Metaspace       used 19566K, committed 19840K, reserved 1114112K
  class space    used 2271K, committed 2368K, reserved 1048576K
}
Event: 19.198 GC heap after
{Heap after GC invocations=18 (full 0):
 garbage-first heap   total 884736K, used 663552K [0x0000000680000000, 0x0000000800000000)
  region size 4096K, 6 young (24576K), 6 survivors (24576K)
 Metaspace       used 19566K, committed 19840K, reserved 1114112K
  class space    used 2271K, committed 2368K, reserved 1048576K
}
Event: 19.546 GC heap before
{Heap before GC invocations=18 (full 0):
 garbage-first heap   total 884736K, used 757760K [0x0000000680000000, 0x0000000800000000)
  region size 4096K, 26 young (106496K), 6 survivors (24576K)
 Metaspace       used 19566K, committed 19840K, reserved 1114112K
  class space    used 2271K, committed 2368K, reserved 1048576K
}

