# JRE version: OpenJDK Runtime Environment (20.0+36) (build 20+36-2344)
# Java VM: OpenJDK 64-Bit Server VM (20+36-2344, mixed mode, sharing, tiered, compressed oops, compressed class ptrs, g1 gc, windows-amd64)
GC Precious Log:
 CardTable entry size: 512
 Card Set container configuration: InlinePtr #cards 4 size 8 Array Of Cards #cards 32 size 80 Howl #buckets 8 coarsen threshold 7372 Howl Bitmap #cards 1024 size 144 coarsen threshold 921 Card regions per heap region 1 cards per card region 8192
 CPUs: 8 total, 8 available
 Memory: 8006M
 Large Page Support: Disabled
 NUMA Support: Disabled
 Compressed Oops: Enabled (Zero based)
 Heap Region Size: 4M
 Heap Min Capacity: 8M
 Heap Initial Capacity: 128M
 Heap Max Capacity: 6G
 Pre-touch: Disabled
 Parallel Workers: 8
 Concurrent Workers: 2
 Concurrent Refinement Workers: 8
 Periodic GC: Disabled
Heap:
 garbage-first heap   total 2048000K, used 1423360K [0x0000000680000000, 0x0000000800000000)
  region size 4096K, 6 young (24576K), 6 survivors (24576K)
 Metaspace       used 19568K, committed 19840K, reserved 1114112K
  class space    used 2272K, committed 2368K, reserved 1048576K
GC Heap History (20 events):
Event: 9.956 GC heap after
{Heap after GC invocations=15 (full 0):
 garbage-first heap   total 741376K, used 294336K [0x0000000680000000, 0x0000000800000000)
  region size 4096K, 5 young (20480K), 5 survivors (20480K)
 Metaspace       used 19551K, committed 19840K, reserved 1114112K
  class space    used 2271K, committed 2368K, reserved 1048576K
}
Event: 10.552 GC heap before
{Heap before GC invocations=15 (full 0):
 garbage-first heap   total 741376K, used 540096K [0x0000000680000000, 0x0000000800000000)
  region size 4096K, 61 young (249856K), 5 survivors (20480K)
 Metaspace       used 19568K, committed 19840K, reserved 1114112K
  class space    used 2272K, committed 2368K, reserved 1048576K
}
Event: 10.670 GC heap after
{Heap after GC invocations=16 (full 0):
 garbage-first heap   total 753664K, used 501760K [0x0000000680000000, 0x0000000800000000)
  region size 4096K, 8 young (32768K), 8 survivors (32768K)
 Metaspace       used 19568K, committed 19840K, reserved 1114112K
  class space    used 2272K, committed 2368K, reserved 1048576K
}
Event: 10.782 GC heap before
{Heap before GC invocations=16 (full 0):
 garbage-first heap   total 753664K, used 579584K [0x0000000680000000, 0x0000000800000000)
  region size 4096K, 28 young (114688K), 8 survivors (32768K)
 Metaspace       used 19568K, committed 19840K, reserved 1114112K
  class space    used 2272K, committed 2368K, reserved 1048576K
}
Event: 10.855 GC heap after
{Heap after GC invocations=17 (full 0):
 garbage-first heap   total 753664K, used 583680K [0x0000000680000000, 0x0000000800000000)
  region size 4096K, 4 young (16384K), 4 survivors (16384K)
 Metaspace       used 19568K, committed 19840K, reserved 1114112K
  class space    used 2272K, committed 2368K, reserved 1048576K
}
Event: 11.005 GC heap before
{Heap before GC invocations=17 (full 0):
 garbage-first heap   total 753664K, used 657408K [0x0000000680000000, 0x0000000800000000)
  region size 4096K, 18 young (73728K), 4 survivors (16384K)
 Metaspace       used 19568K, committed 19840K, reserved 1114112K
  class space    used 2272K, committed 2368K, reserved 1048576K
}
Event: 11.061 GC heap after
{Heap after GC invocations=18 (full 0):
 garbage-first heap   total 753664K, used 661504K [0x0000000680000000, 0x0000000800000000)
  region size 4096K, 3 young (12288K), 3 survivors (12288K)
 Metaspace       used 19568K, committed 19840K, reserved 1114112K
  class space    used 2272K, committed 2368K, reserved 1048576K
}
Event: 11.129 GC heap before
{Heap before GC invocations=18 (full 0):
 garbage-first heap   total 753664K, used 694272K [0x0000000680000000, 0x0000000800000000)
  region size 4096K, 9 young (36864K), 3 survivors (12288K)
 Metaspace       used 19568K, committed 19840K, reserved 1114112K
  class space    used 2272K, committed 2368K, reserved 1048576K
}
Event: 11.170 GC heap after
{Heap after GC invocations=19 (full 0):
 garbage-first heap   total 2048000K, used 702194K [0x0000000680000000, 0x0000000800000000)
  region size 4096K, 2 young (8192K), 2 survivors (8192K)
 Metaspace       used 19568K, committed 19840K, reserved 1114112K
  class space    used 2272K, committed 2368K, reserved 1048576K
}
Event: 11.860 GC heap before
{Heap before GC invocations=19 (full 0):
 garbage-first heap   total 2048000K, used 886514K [0x0000000680000000, 0x0000000800000000)
  region size 4096K, 42 young (172032K), 2 survivors (8192K)
 Metaspace       used 19568K, committed 19840K, reserved 1114112K
  class space    used 2272K, committed 2368K, reserved 1048576K
}
Event: 12.031 GC heap after
{Heap after GC invocations=20 (full 0):
 garbage-first heap   total 2048000K, used 892928K [0x0000000680000000, 0x0000000800000000)
  region size 4096K, 6 young (24576K), 6 survivors (24576K)
 Metaspace       used 19568K, committed 19840K, reserved 1114112K
  class space    used 2272K, committed 2368K, reserved 1048576K
}
Event: 12.274 GC heap before
{Heap before GC invocations=21 (full 0):
 garbage-first heap   total 2048000K, used 1028096K [0x0000000680000000, 0x0000000800000000)
  region size 4096K, 39 young (159744K), 6 survivors (24576K)
 Metaspace       used 19568K, committed 19840K, reserved 1114112K
  class space    used 2272K, committed 2368K, reserved 1048576K
}
Event: 12.484 GC heap after
{Heap after GC invocations=22 (full 0):
 garbage-first heap   total 2048000K, used 1019904K [0x0000000680000000, 0x0000000800000000)
  region size 4096K, 5 young (20480K), 5 survivors (20480K)
 Metaspace       used 19568K, committed 19840K, reserved 1114112K
  class space    used 2272K, committed 2368K, reserved 1048576K
}
Event: 12.687 GC heap before
{Heap before GC invocations=22 (full 0):
 garbage-first heap   total 2048000K, used 1146880K [0x0000000680000000, 0x0000000800000000)
  region size 4096K, 36 young (147456K), 5 survivors (20480K)
 Metaspace       used 19568K, committed 19840K, reserved 1114112K
  class space    used 2272K, committed 2368K, reserved 1048576K
}
Event: 12.857 GC heap after
{Heap after GC invocations=23 (full 0):
 garbage-first heap   total 2048000K, used 1134592K [0x0000000680000000, 0x0000000800000000)
  region size 4096K, 5 young (20480K), 5 survivors (20480K)
 Metaspace       used 19568K, committed 19840K, reserved 1114112K
  class space    used 2272K, committed 2368K, reserved 1048576K
}
Event: 13.150 GC heap before
{Heap before GC invocations=23 (full 0):
 garbage-first heap   total 2048000K, used 1257472K [0x0000000680000000, 0x0000000800000000)
  region size 4096K, 34 young (139264K), 5 survivors (20480K)
 Metaspace       used 19568K, committed 19840K, reserved 1114112K
  class space    used 2272K, committed 2368K, reserved 1048576K
}
Event: 13.302 GC heap after
{Heap after GC invocations=24 (full 0):
 garbage-first heap   total 2048000K, used 1259520K [0x0000000680000000, 0x0000000800000000)
  region size 4096K, 5 young (20480K), 5 survivors (20480K)
 Metaspace       used 19568K, committed 19840K, reserved 1114112K
  class space    used 2272K, committed 2368K, reserved 1048576K
}
Event: 14.041 GC heap before
{Heap before GC invocations=24 (full 0):
 garbage-first heap   total 2048000K, used 1390592K [0x0000000680000000, 0x0000000800000000)
  region size 4096K, 26 young (106496K), 5 survivors (20480K)
 Metaspace       used 19568K, committed 19840K, reserved 1114112K
  class space    used 2272K, committed 2368K, reserved 1048576K
}
Event: 14.162 GC heap after
{Heap after GC invocations=25 (full 0):
 garbage-first heap   total 2048000K, used 1386496K [0x0000000680000000, 0x0000000800000000)
  region size 4096K, 4 young (16384K), 4 survivors (16384K)
 Metaspace       used 19568K, committed 19840K, reserved 1114112K
  class space    used 2272K, committed 2368K, reserved 1048576K
}
Event: 14.208 GC heap before
{Heap before GC invocations=25 (full 0):
 garbage-first heap   total 2048000K, used 1411072K [0x0000000680000000, 0x0000000800000000)
  region size 4096K, 11 young (45056K), 4 survivors (16384K)
 Metaspace       used 19568K, committed 19840K, reserved 1114112K
  class space    used 2272K, committed 2368K, reserved 1048576K
}

